  Entities.cpp
  Aimbot.cpp
  imgui.cpp
  imgui_demo.cpp
  imgui_draw.cpp
  imgui_impl_dx11.cpp
  imgui_impl_win32.cpp
  imgui_tables.cpp
  imgui_widgets.cpp
  TextEditor.cpp
  kiero.cpp
  Interface.cpp
  EntryPoint.cpp
  Math.cpp
  Visuals.cpp
  buffer.c
  hde32.c
  hde64.c
  hook.c
  trampoline.c
  Generating code
  Previous IPDB not found, fall back to full compilation.
  All 2203 functions were compiled because no usable IPDB/IOBJ from previous compilation was found.
  Finished generating code
  Fusion-CS2.vcxproj -> C:\Users\WW\Desktop\cs2cheat\CS2Hax\Build\CS2Hax.dll
